<?xml version="1.0" encoding="UTF-8"?>
<testsuite name="com.oracle.commons.utils.RomanNumeralConvertorTest" time="0.015" tests="4" errors="0" skipped="0" failures="0">
  <properties>
[...]
</properties>
  <testcase name="testToRoman" classname="com.oracle.commons.utils.RomanNumeralConvertorTest" time="0.015"/>
  <testcase name="testInputOutOfRangeException" classname="com.oracle.commons.utils.RomanNumeralConvertorTest" time="0"/>
  <testcase name="testToNumeral" classname="com.oracle.commons.utils.RomanNumeralConvertorTest" time="0"/>
  <testcase name="testInvalidInputException" classname="com.oracle.commons.utils.RomanNumeralConvertorTest" time="0"/>
</testsuite>